[23344:13032:0609/165839.420:INFO:components\enterprise\browser\controller\chrome_browser_cloud_management_controller.cc:202] No machine level policy manager exists.
[23344:13032:0609/165839.447:WARNING:chrome\browser\extensions\extension_service.cc:359] --load-extension is not allowed in Google Chrome, ignoring.
[14708:25184:0609/165839.536:VERBOSE1:components\viz\service\main\viz_main_impl.cc:85] VizNullHypothesis is disabled (not a warning)
[6776:18168:0609/165839.559:INFO:third_party\webrtc\system_wrappers\source\cpu_info.cc:56] Available number of cores: 12
[21336:3548:0609/165839.567:INFO:third_party\webrtc\system_wrappers\source\cpu_info.cc:56] Available number of cores: 12
[7088:23976:0609/165839.775:INFO:third_party\webrtc\system_wrappers\source\cpu_info.cc:56] Available number of cores: 12
[2624:13712:0609/165839.879:INFO:third_party\webrtc\system_wrappers\source\cpu_info.cc:56] Available number of cores: 12
[23344:13032:0609/165840.194:INFO:CONSOLE:163] "Event handler of 'x-storagemutated-1' event must be added on the initial evaluation of worker script.", source: https://static.whatsapp.net/rsrc.php/v4/yv/r/uhwV2Qz8YC6.js (163)
[24636:16088:0609/165840.228:INFO:third_party\webrtc\system_wrappers\source\cpu_info.cc:56] Available number of cores: 12
[25732:8868:0609/165904.535:ERROR:net\disk_cache\blockfile\entry_impl.cc:1027] No file for 80000100
[25732:8868:0609/165904.544:ERROR:net\disk_cache\blockfile\entry_impl.cc:1027] No file for 800000ff
[25732:8868:0609/165904.544:ERROR:net\disk_cache\blockfile\entry_impl.cc:1027] No file for 80000101
[23344:13032:0609/165905.131:INFO:CONSOLE:76] "Uncaught (in promise) Error: secretKey is null or undefined", source: https://static.whatsapp.net/rsrc.php/v4/yU/r/qgLOtQHluXZ.js (76)
[25732:8868:0609/165908.560:ERROR:net\disk_cache\blockfile\entry_impl.cc:1027] No file for 80000102
[23344:13032:0609/165908.562:INFO:CONSOLE:1] "Uncaught NetworkError: Failed to execute 'importScripts' on 'WorkerGlobalScope': The script at 'https://static.whatsapp.net/rsrc.php/v4/yb/r/-kyfmvw97Ns.js' failed to load.", source: https://web.whatsapp.com/static_resources/webworker_v1/init_script/?__hs=20248.HYP%3Awhatsapp_comet_pkg.2.1...1&__spin_r=1023626395&__spin_b=trunk&__spin_t=1749468529 (1)
[25732:8868:0609/165908.864:ERROR:net\disk_cache\blockfile\entry_impl.cc:1027] No file for 80000103
[25732:8868:0609/165909.561:ERROR:net\disk_cache\blockfile\entry_impl.cc:1027] No file for 80000105
[25732:8868:0609/165909.583:ERROR:net\disk_cache\blockfile\entry_impl.cc:1027] No file for 80000104
[25732:8868:0609/165909.583:ERROR:net\disk_cache\blockfile\entry_impl.cc:1027] No file for 80000107
[25732:8868:0609/165909.583:ERROR:net\disk_cache\blockfile\entry_impl.cc:1027] No file for 80000106
[25732:8868:0609/165909.592:ERROR:net\disk_cache\blockfile\entry_impl.cc:1027] No file for 80000109
[25732:8868:0609/165909.592:ERROR:net\disk_cache\blockfile\entry_impl.cc:1027] No file for 80000108
[25732:8868:0609/165909.599:ERROR:net\disk_cache\blockfile\entry_impl.cc:1027] No file for 8000011f
[25732:8868:0609/165909.599:ERROR:net\disk_cache\blockfile\entry_impl.cc:1027] No file for 8000011b
[25732:8868:0609/165909.599:ERROR:net\disk_cache\blockfile\entry_impl.cc:1027] No file for 8000011e
[25732:8868:0609/165909.599:ERROR:net\disk_cache\blockfile\entry_impl.cc:1027] No file for 80000125
[25732:8868:0609/165909.599:ERROR:net\disk_cache\blockfile\entry_impl.cc:1027] No file for 8000011a
[25732:8868:0609/165909.607:ERROR:net\disk_cache\blockfile\entry_impl.cc:1027] No file for 8000010e
[25732:8868:0609/165909.607:ERROR:net\disk_cache\blockfile\entry_impl.cc:1027] No file for 8000010d
[25732:8868:0609/165909.608:ERROR:net\disk_cache\blockfile\entry_impl.cc:1027] No file for 80000112
[25732:8868:0609/165909.608:ERROR:net\disk_cache\blockfile\entry_impl.cc:1027] No file for 80000121
[25732:8868:0609/165909.608:ERROR:net\disk_cache\blockfile\entry_impl.cc:1027] No file for 8000010b
[25732:8868:0609/165909.608:ERROR:net\disk_cache\blockfile\entry_impl.cc:1027] No file for 8000010f
[25732:8868:0609/165909.608:ERROR:net\disk_cache\blockfile\entry_impl.cc:1027] No file for 80000124
[25732:8868:0609/165909.608:ERROR:net\disk_cache\blockfile\entry_impl.cc:1027] No file for 80000118
[25732:8868:0609/165909.608:ERROR:net\disk_cache\blockfile\entry_impl.cc:1027] No file for 8000010a
[25732:8868:0609/165909.615:ERROR:net\disk_cache\blockfile\entry_impl.cc:1027] No file for 8000010c
[25732:8868:0609/165909.615:ERROR:net\disk_cache\blockfile\entry_impl.cc:1027] No file for 80000128
[25732:8868:0609/165909.615:ERROR:net\disk_cache\blockfile\entry_impl.cc:1027] No file for 80000123
[25732:8868:0609/165909.615:ERROR:net\disk_cache\blockfile\entry_impl.cc:1027] No file for 80000122
[25732:8868:0609/165909.615:ERROR:net\disk_cache\blockfile\entry_impl.cc:1027] No file for 80000113
[25732:8868:0609/165909.615:ERROR:net\disk_cache\blockfile\entry_impl.cc:1027] No file for 80000129
[25732:8868:0609/165909.615:ERROR:net\disk_cache\blockfile\entry_impl.cc:1027] No file for 80000114
[25732:8868:0609/165909.615:ERROR:net\disk_cache\blockfile\entry_impl.cc:1027] No file for 80000131
[25732:8868:0609/165909.615:ERROR:net\disk_cache\blockfile\entry_impl.cc:1027] No file for 80000115
[25732:8868:0609/165909.631:ERROR:net\disk_cache\blockfile\entry_impl.cc:1027] No file for 80000110
[25732:8868:0609/165909.631:ERROR:net\disk_cache\blockfile\entry_impl.cc:1027] No file for 80000132
[25732:8868:0609/165909.631:ERROR:net\disk_cache\blockfile\entry_impl.cc:1027] No file for 8000012a
[25732:8868:0609/165909.631:ERROR:net\disk_cache\blockfile\entry_impl.cc:1027] No file for 8000011d
[25732:8868:0609/165909.647:ERROR:net\disk_cache\blockfile\entry_impl.cc:1027] No file for 8000012e
[25732:8868:0609/165909.655:ERROR:net\disk_cache\blockfile\entry_impl.cc:1027] No file for 80000111
[25732:8868:0609/165909.656:ERROR:net\disk_cache\blockfile\entry_impl.cc:1027] No file for 8000012d
[25732:8868:0609/165909.656:ERROR:net\disk_cache\blockfile\entry_impl.cc:1027] No file for 8000012f
[25732:8868:0609/165909.656:ERROR:net\disk_cache\blockfile\entry_impl.cc:1027] No file for 80000137
[25732:8868:0609/165909.664:ERROR:net\disk_cache\blockfile\entry_impl.cc:1027] No file for 80000135
[25732:8868:0609/165909.664:ERROR:net\disk_cache\blockfile\entry_impl.cc:1027] No file for 80000120
[25732:8868:0609/165909.664:ERROR:net\disk_cache\blockfile\entry_impl.cc:1027] No file for 8000011c
[25732:8868:0609/165909.672:ERROR:net\disk_cache\blockfile\entry_impl.cc:1027] No file for 8000013c
[25732:8868:0609/165909.672:ERROR:net\disk_cache\blockfile\entry_impl.cc:1027] No file for 80000127
[25732:8868:0609/165909.673:ERROR:net\disk_cache\blockfile\entry_impl.cc:1027] No file for 80000130
[25732:8868:0609/165909.673:ERROR:net\disk_cache\blockfile\entry_impl.cc:1027] No file for 8000013b
[25732:8868:0609/165909.673:ERROR:net\disk_cache\blockfile\entry_impl.cc:1027] No file for 80000139
[25732:8868:0609/165909.673:ERROR:net\disk_cache\blockfile\entry_impl.cc:1027] No file for 80000117
[25732:8868:0609/165909.673:ERROR:net\disk_cache\blockfile\entry_impl.cc:1027] No file for 80000116
[25732:8868:0609/165909.680:ERROR:net\disk_cache\blockfile\entry_impl.cc:1027] No file for 80000136
[25732:8868:0609/165909.680:ERROR:net\disk_cache\blockfile\entry_impl.cc:1027] No file for 8000012b
[25732:8868:0609/165909.680:ERROR:net\disk_cache\blockfile\entry_impl.cc:1027] No file for 80000133
[25732:8868:0609/165909.680:ERROR:net\disk_cache\blockfile\entry_impl.cc:1027] No file for 8000013a
[25732:8868:0609/165909.688:ERROR:net\disk_cache\blockfile\entry_impl.cc:1027] No file for 80000134
[25732:8868:0609/165909.690:ERROR:net\disk_cache\blockfile\entry_impl.cc:1027] No file for 80000119
[25732:8868:0609/165909.690:ERROR:net\disk_cache\blockfile\entry_impl.cc:1027] No file for 80000138
[25732:8868:0609/165909.690:ERROR:net\disk_cache\blockfile\entry_impl.cc:1027] No file for 8000012c
[25732:8868:0609/165909.690:ERROR:net\disk_cache\blockfile\entry_impl.cc:1027] No file for 80000126
[25732:8868:0609/165913.153:ERROR:net\disk_cache\blockfile\entry_impl.cc:1027] No file for 8000013d
[25732:8868:0609/165915.632:ERROR:net\disk_cache\blockfile\entry_impl.cc:1027] No file for 8000013e
[25732:8868:0609/165915.632:ERROR:net\disk_cache\blockfile\entry_impl.cc:1027] No file for 8000013f
[25732:8868:0609/165915.743:ERROR:net\disk_cache\blockfile\entry_impl.cc:1027] No file for 80000140
[25732:8868:0609/165915.884:ERROR:net\disk_cache\blockfile\entry_impl.cc:1027] No file for 80000141
[25732:8868:0609/165920.119:ERROR:net\disk_cache\blockfile\entry_impl.cc:1027] No file for 800000cf
[25732:8868:0609/165920.119:ERROR:net\disk_cache\blockfile\entry_impl.cc:1027] No file for 800000ce
[25732:8868:0609/165920.378:ERROR:net\disk_cache\blockfile\entry_impl.cc:1027] No file for 80000142
[25732:8868:0609/165920.394:ERROR:net\disk_cache\blockfile\entry_impl.cc:1027] No file for 80000146
[25732:8868:0609/165920.949:ERROR:net\disk_cache\blockfile\entry_impl.cc:1027] No file for 8000014d
[25732:8868:0609/165920.982:ERROR:net\disk_cache\blockfile\entry_impl.cc:1027] No file for 80000147
[25732:8868:0609/165921.317:ERROR:net\disk_cache\blockfile\entry_impl.cc:1027] No file for 8000014a
[25732:8868:0609/165921.460:ERROR:net\disk_cache\blockfile\entry_impl.cc:1027] No file for 80000148
[25732:8868:0609/165921.485:ERROR:net\disk_cache\blockfile\entry_impl.cc:1027] No file for 80000149
[25732:8868:0609/165922.128:ERROR:net\disk_cache\blockfile\entry_impl.cc:1027] No file for 80000151
[25732:8868:0609/165922.128:ERROR:net\disk_cache\blockfile\entry_impl.cc:1027] No file for 80000152
[25732:8868:0609/165923.835:ERROR:net\disk_cache\blockfile\entry_impl.cc:1027] No file for 8000014b
[25732:8868:0609/165923.844:ERROR:net\disk_cache\blockfile\entry_impl.cc:1027] No file for 8000014c
[25732:8868:0609/165924.049:ERROR:net\disk_cache\blockfile\entry_impl.cc:1027] No file for 8000014f
[25732:8868:0609/170135.047:ERROR:net\disk_cache\blockfile\entry_impl.cc:1027] No file for 80000074
